{"C:\\Documents\\Group 27 - Shelfx\\Shelfx Final\\ShelfX\\src\\components\\RequestList.jsx": {"path":"C:\\Documents\\Group 27 - Shelfx\\Shelfx Final\\ShelfX\\src\\components\\RequestList.jsx","statementMap":{"0":{"start":{"line":7,"column":20},"end":{"line":123,"column":1}},"1":{"start":{"line":8,"column":19},"end":{"line":8,"column":32}},"2":{"start":{"line":9,"column":23},"end":{"line":9,"column":61}},"3":{"start":{"line":9,"column":46},"end":{"line":9,"column":60}},"4":{"start":{"line":10,"column":34},"end":{"line":10,"column":46}},"5":{"start":{"line":11,"column":32},"end":{"line":11,"column":46}},"6":{"start":{"line":13,"column":2},"end":{"line":42,"column":27}},"7":{"start":{"line":14,"column":26},"end":{"line":37,"column":5}},"8":{"start":{"line":15,"column":6},"end":{"line":36,"column":7}},"9":{"start":{"line":16,"column":25},"end":{"line":18,"column":10}},"10":{"start":{"line":19,"column":8},"end":{"line":19,"column":35}},"11":{"start":{"line":20,"column":8},"end":{"line":20,"column":35}},"12":{"start":{"line":23,"column":8},"end":{"line":30,"column":9}},"13":{"start":{"line":24,"column":10},"end":{"line":29,"column":14}},"14":{"start":{"line":33,"column":8},"end":{"line":33,"column":57}},"15":{"start":{"line":35,"column":8},"end":{"line":35,"column":26}},"16":{"start":{"line":39,"column":4},"end":{"line":41,"column":5}},"17":{"start":{"line":40,"column":6},"end":{"line":40,"column":22}},"18":{"start":{"line":44,"column":31},"end":{"line":56,"column":3}},"19":{"start":{"line":45,"column":4},"end":{"line":55,"column":5}},"20":{"start":{"line":46,"column":6},"end":{"line":46,"column":32}},"21":{"start":{"line":47,"column":6},"end":{"line":47,"column":205}},"22":{"start":{"line":48,"column":8},"end":{"line":51,"column":12}},"23":{"start":{"line":49,"column":10},"end":{"line":51,"column":11}},"24":{"start":{"line":50,"column":12},"end":{"line":50,"column":95}},"25":{"start":{"line":52,"column":8},"end":{"line":52,"column":50}},"26":{"start":{"line":54,"column":6},"end":{"line":54,"column":55}},"27":{"start":{"line":58,"column":30},"end":{"line":69,"column":3}},"28":{"start":{"line":59,"column":4},"end":{"line":68,"column":5}},"29":{"start":{"line":60,"column":6},"end":{"line":60,"column":135}},"30":{"start":{"line":61,"column":6},"end":{"line":65,"column":8}},"31":{"start":{"line":62,"column":8},"end":{"line":64,"column":9}},"32":{"start":{"line":63,"column":10},"end":{"line":63,"column":93}},"33":{"start":{"line":67,"column":6},"end":{"line":67,"column":55}},"34":{"start":{"line":71,"column":2},"end":{"line":77,"column":3}},"35":{"start":{"line":72,"column":4},"end":{"line":76,"column":6}},"36":{"start":{"line":79,"column":2},"end":{"line":122,"column":4}},"37":{"start":{"line":85,"column":12},"end":{"line":115,"column":18}},"38":{"start":{"line":100,"column":37},"end":{"line":100,"column":101}},"39":{"start":{"line":106,"column":37},"end":{"line":106,"column":99}}},"fnMap":{"0":{"name":"(anonymous_0)","decl":{"start":{"line":7,"column":20},"end":{"line":7,"column":21}},"loc":{"start":{"line":7,"column":38},"end":{"line":123,"column":1}},"line":7},"1":{"name":"(anonymous_1)","decl":{"start":{"line":9,"column":35},"end":{"line":9,"column":36}},"loc":{"start":{"line":9,"column":46},"end":{"line":9,"column":60}},"line":9},"2":{"name":"(anonymous_2)","decl":{"start":{"line":13,"column":12},"end":{"line":13,"column":13}},"loc":{"start":{"line":13,"column":18},"end":{"line":42,"column":3}},"line":13},"3":{"name":"(anonymous_3)","decl":{"start":{"line":14,"column":26},"end":{"line":14,"column":27}},"loc":{"start":{"line":14,"column":38},"end":{"line":37,"column":5}},"line":14},"4":{"name":"(anonymous_4)","decl":{"start":{"line":44,"column":31},"end":{"line":44,"column":32}},"loc":{"start":{"line":44,"column":67},"end":{"line":56,"column":3}},"line":44},"5":{"name":"(anonymous_5)","decl":{"start":{"line":48,"column":20},"end":{"line":48,"column":21}},"loc":{"start":{"line":49,"column":10},"end":{"line":51,"column":11}},"line":49},"6":{"name":"(anonymous_6)","decl":{"start":{"line":49,"column":27},"end":{"line":49,"column":28}},"loc":{"start":{"line":50,"column":12},"end":{"line":50,"column":95}},"line":50},"7":{"name":"(anonymous_7)","decl":{"start":{"line":58,"column":30},"end":{"line":58,"column":31}},"loc":{"start":{"line":58,"column":66},"end":{"line":69,"column":3}},"line":58},"8":{"name":"(anonymous_8)","decl":{"start":{"line":61,"column":18},"end":{"line":61,"column":19}},"loc":{"start":{"line":62,"column":8},"end":{"line":64,"column":9}},"line":62},"9":{"name":"(anonymous_9)","decl":{"start":{"line":62,"column":25},"end":{"line":62,"column":26}},"loc":{"start":{"line":63,"column":10},"end":{"line":63,"column":93}},"line":63},"10":{"name":"(anonymous_10)","decl":{"start":{"line":84,"column":23},"end":{"line":84,"column":24}},"loc":{"start":{"line":85,"column":12},"end":{"line":115,"column":18}},"line":85},"11":{"name":"(anonymous_11)","decl":{"start":{"line":100,"column":31},"end":{"line":100,"column":32}},"loc":{"start":{"line":100,"column":37},"end":{"line":100,"column":101}},"line":100},"12":{"name":"(anonymous_12)","decl":{"start":{"line":106,"column":31},"end":{"line":106,"column":32}},"loc":{"start":{"line":106,"column":37},"end":{"line":106,"column":99}},"line":106}},"branchMap":{"0":{"loc":{"start":{"line":23,"column":8},"end":{"line":30,"column":9}},"type":"if","locations":[{"start":{"line":23,"column":8},"end":{"line":30,"column":9}},{"start":{},"end":{}}],"line":23},"1":{"loc":{"start":{"line":23,"column":12},"end":{"line":23,"column":53}},"type":"binary-expr","locations":[{"start":{"line":23,"column":12},"end":{"line":23,"column":25}},{"start":{"line":23,"column":29},"end":{"line":23,"column":53}}],"line":23},"2":{"loc":{"start":{"line":39,"column":4},"end":{"line":41,"column":5}},"type":"if","locations":[{"start":{"line":39,"column":4},"end":{"line":41,"column":5}},{"start":{},"end":{}}],"line":39},"3":{"loc":{"start":{"line":50,"column":12},"end":{"line":50,"column":95}},"type":"cond-expr","locations":[{"start":{"line":50,"column":59},"end":{"line":50,"column":89}},{"start":{"line":50,"column":92},"end":{"line":50,"column":95}}],"line":50},"4":{"loc":{"start":{"line":50,"column":12},"end":{"line":50,"column":56}},"type":"binary-expr","locations":[{"start":{"line":50,"column":12},"end":{"line":50,"column":33}},{"start":{"line":50,"column":37},"end":{"line":50,"column":56}}],"line":50},"5":{"loc":{"start":{"line":63,"column":10},"end":{"line":63,"column":93}},"type":"cond-expr","locations":[{"start":{"line":63,"column":57},"end":{"line":63,"column":87}},{"start":{"line":63,"column":90},"end":{"line":63,"column":93}}],"line":63},"6":{"loc":{"start":{"line":63,"column":10},"end":{"line":63,"column":54}},"type":"binary-expr","locations":[{"start":{"line":63,"column":10},"end":{"line":63,"column":31}},{"start":{"line":63,"column":35},"end":{"line":63,"column":54}}],"line":63},"7":{"loc":{"start":{"line":71,"column":2},"end":{"line":77,"column":3}},"type":"if","locations":[{"start":{"line":71,"column":2},"end":{"line":77,"column":3}},{"start":{},"end":{}}],"line":71},"8":{"loc":{"start":{"line":83,"column":9},"end":{"line":119,"column":9}},"type":"cond-expr","locations":[{"start":{"line":84,"column":10},"end":{"line":116,"column":12}},{"start":{"line":118,"column":10},"end":{"line":118,"column":65}}],"line":83},"9":{"loc":{"start":{"line":96,"column":17},"end":{"line":113,"column":17}},"type":"cond-expr","locations":[{"start":{"line":97,"column":18},"end":{"line":110,"column":21}},{"start":{"line":112,"column":18},"end":{"line":112,"column":80}}],"line":96},"10":{"loc":{"start":{"line":96,"column":17},"end":{"line":96,"column":79}},"type":"binary-expr","locations":[{"start":{"line":96,"column":17},"end":{"line":96,"column":46}},{"start":{"line":96,"column":50},"end":{"line":96,"column":79}}],"line":96}},"s":{"0":1,"1":0,"2":0,"3":0,"4":0,"5":0,"6":0,"7":0,"8":0,"9":0,"10":0,"11":0,"12":0,"13":0,"14":0,"15":0,"16":0,"17":0,"18":0,"19":0,"20":0,"21":0,"22":0,"23":0,"24":0,"25":0,"26":0,"27":0,"28":0,"29":0,"30":0,"31":0,"32":0,"33":0,"34":0,"35":0,"36":0,"37":0,"38":0,"39":0},"f":{"0":0,"1":0,"2":0,"3":0,"4":0,"5":0,"6":0,"7":0,"8":0,"9":0,"10":0,"11":0,"12":0},"b":{"0":[0,0],"1":[0,0],"2":[0,0],"3":[0,0],"4":[0,0],"5":[0,0],"6":[0,0],"7":[0,0],"8":[0,0],"9":[0,0],"10":[0,0]},"_coverageSchema":"1a1c01bbd47fc00a2c39e90264f33305004495a9","hash":"36dcf9e1621843e63a3bfbd5d4a160c9970624df"}
,"C:\\Documents\\Group 27 - Shelfx\\Shelfx Final\\ShelfX\\src\\pages\\SellerDashBoard.jsx": {"path":"C:\\Documents\\Group 27 - Shelfx\\Shelfx Final\\ShelfX\\src\\pages\\SellerDashBoard.jsx","statementMap":{"0":{"start":{"line":9,"column":22},"end":{"line":676,"column":1}},"1":{"start":{"line":10,"column":36},"end":{"line":10,"column":55}},"2":{"start":{"line":11,"column":38},"end":{"line":11,"column":53}},"3":{"start":{"line":12,"column":44},"end":{"line":12,"column":58}},"4":{"start":{"line":13,"column":42},"end":{"line":13,"column":56}},"5":{"start":{"line":14,"column":46},"end":{"line":14,"column":61}},"6":{"start":{"line":15,"column":46},"end":{"line":15,"column":61}},"7":{"start":{"line":16,"column":26},"end":{"line":16,"column":40}},"8":{"start":{"line":17,"column":32},"end":{"line":17,"column":46}},"9":{"start":{"line":18,"column":44},"end":{"line":18,"column":59}},"10":{"start":{"line":19,"column":46},"end":{"line":19,"column":58}},"11":{"start":{"line":20,"column":42},"end":{"line":20,"column":56}},"12":{"start":{"line":21,"column":34},"end":{"line":27,"column":4}},"13":{"start":{"line":28,"column":34},"end":{"line":32,"column":4}},"14":{"start":{"line":33,"column":36},"end":{"line":36,"column":4}},"15":{"start":{"line":37,"column":36},"end":{"line":41,"column":4}},"16":{"start":{"line":43,"column":19},"end":{"line":43,"column":32}},"17":{"start":{"line":46,"column":2},"end":{"line":48,"column":5}},"18":{"start":{"line":47,"column":4},"end":{"line":47,"column":26}},"19":{"start":{"line":51,"column":30},"end":{"line":69,"column":3}},"20":{"start":{"line":52,"column":4},"end":{"line":68,"column":5}},"21":{"start":{"line":53,"column":23},"end":{"line":55,"column":8}},"22":{"start":{"line":57,"column":6},"end":{"line":63,"column":7}},"23":{"start":{"line":58,"column":8},"end":{"line":58,"column":31}},"24":{"start":{"line":59,"column":8},"end":{"line":59,"column":27}},"25":{"start":{"line":62,"column":8},"end":{"line":62,"column":74}},"26":{"start":{"line":65,"column":6},"end":{"line":65,"column":59}},"27":{"start":{"line":67,"column":6},"end":{"line":67,"column":72}},"28":{"start":{"line":71,"column":24},"end":{"line":77,"column":3}},"29":{"start":{"line":72,"column":28},"end":{"line":72,"column":36}},"30":{"start":{"line":73,"column":4},"end":{"line":76,"column":7}},"31":{"start":{"line":79,"column":30},"end":{"line":81,"column":3}},"32":{"start":{"line":80,"column":4},"end":{"line":80,"column":46}},"33":{"start":{"line":83,"column":27},"end":{"line":85,"column":3}},"34":{"start":{"line":84,"column":4},"end":{"line":84,"column":24}},"35":{"start":{"line":87,"column":28},"end":{"line":93,"column":3}},"36":{"start":{"line":88,"column":4},"end":{"line":88,"column":25}},"37":{"start":{"line":89,"column":4},"end":{"line":89,"column":29}},"38":{"start":{"line":90,"column":4},"end":{"line":90,"column":29}},"39":{"start":{"line":91,"column":4},"end":{"line":91,"column":27}},"40":{"start":{"line":92,"column":4},"end":{"line":92,"column":71}},"41":{"start":{"line":95,"column":25},"end":{"line":97,"column":3}},"42":{"start":{"line":96,"column":4},"end":{"line":96,"column":22}},"43":{"start":{"line":99,"column":28},"end":{"line":107,"column":3}},"44":{"start":{"line":100,"column":4},"end":{"line":106,"column":3}},"45":{"start":{"line":101,"column":6},"end":{"line":101,"column":46}},"46":{"start":{"line":104,"column":25},"end":{"line":104,"column":67}},"47":{"start":{"line":105,"column":6},"end":{"line":105,"column":34}},"48":{"start":{"line":109,"column":28},"end":{"line":114,"column":3}},"49":{"start":{"line":110,"column":4},"end":{"line":112,"column":5}},"50":{"start":{"line":111,"column":6},"end":{"line":111,"column":40}},"51":{"start":{"line":113,"column":4},"end":{"line":113,"column":27}},"52":{"start":{"line":116,"column":28},"end":{"line":119,"column":3}},"53":{"start":{"line":117,"column":26},"end":{"line":117,"column":34}},"54":{"start":{"line":118,"column":4},"end":{"line":118,"column":62}},"55":{"start":{"line":118,"column":30},"end":{"line":118,"column":59}},"56":{"start":{"line":121,"column":23},"end":{"line":177,"column":1}},"57":{"start":{"line":122,"column":50},"end":{"line":122,"column":58}},"58":{"start":{"line":124,"column":4},"end":{"line":127,"column":5}},"59":{"start":{"line":125,"column":8},"end":{"line":125,"column":114}},"60":{"start":{"line":126,"column":8},"end":{"line":126,"column":15}},"61":{"start":{"line":129,"column":4},"end":{"line":129,"column":50}},"62":{"start":{"line":132,"column":4},"end":{"line":135,"column":5}},"63":{"start":{"line":133,"column":8},"end":{"line":133,"column":90}},"64":{"start":{"line":134,"column":8},"end":{"line":134,"column":15}},"65":{"start":{"line":137,"column":4},"end":{"line":176,"column":5}},"66":{"start":{"line":139,"column":28},"end":{"line":144,"column":10}},"67":{"start":{"line":140,"column":27},"end":{"line":140,"column":43}},"68":{"start":{"line":141,"column":12},"end":{"line":141,"column":57}},"69":{"start":{"line":141,"column":34},"end":{"line":141,"column":56}},"70":{"start":{"line":142,"column":12},"end":{"line":142,"column":54}},"71":{"start":{"line":142,"column":40},"end":{"line":142,"column":53}},"72":{"start":{"line":143,"column":12},"end":{"line":143,"column":48}},"73":{"start":{"line":146,"column":8},"end":{"line":146,"column":63}},"74":{"start":{"line":148,"column":31},"end":{"line":157,"column":10}},"75":{"start":{"line":159,"column":8},"end":{"line":164,"column":9}},"76":{"start":{"line":160,"column":12},"end":{"line":160,"column":100}},"77":{"start":{"line":161,"column":12},"end":{"line":161,"column":32}},"78":{"start":{"line":162,"column":12},"end":{"line":162,"column":75}},"79":{"start":{"line":162,"column":38},"end":{"line":162,"column":73}},"80":{"start":{"line":163,"column":12},"end":{"line":163,"column":31}},"81":{"start":{"line":166,"column":8},"end":{"line":166,"column":55}},"82":{"start":{"line":167,"column":8},"end":{"line":170,"column":9}},"83":{"start":{"line":168,"column":12},"end":{"line":168,"column":38}},"84":{"start":{"line":169,"column":12},"end":{"line":169,"column":19}},"85":{"start":{"line":171,"column":8},"end":{"line":175,"column":11}},"86":{"start":{"line":180,"column":27},"end":{"line":212,"column":3}},"87":{"start":{"line":181,"column":4},"end":{"line":211,"column":5}},"88":{"start":{"line":182,"column":23},"end":{"line":184,"column":8}},"89":{"start":{"line":185,"column":6},"end":{"line":185,"column":34}},"90":{"start":{"line":186,"column":6},"end":{"line":186,"column":38}},"91":{"start":{"line":187,"column":6},"end":{"line":187,"column":45}},"92":{"start":{"line":188,"column":6},"end":{"line":188,"column":39}},"93":{"start":{"line":189,"column":6},"end":{"line":193,"column":7}},"94":{"start":{"line":190,"column":8},"end":{"line":192,"column":11}},"95":{"start":{"line":191,"column":10},"end":{"line":191,"column":64}},"96":{"start":{"line":196,"column":6},"end":{"line":198,"column":7}},"97":{"start":{"line":197,"column":8},"end":{"line":197,"column":49}},"98":{"start":{"line":200,"column":6},"end":{"line":200,"column":59}},"99":{"start":{"line":201,"column":6},"end":{"line":201,"column":20}},"100":{"start":{"line":202,"column":6},"end":{"line":202,"column":28}},"101":{"start":{"line":203,"column":6},"end":{"line":203,"column":94}},"102":{"start":{"line":206,"column":6},"end":{"line":208,"column":7}},"103":{"start":{"line":207,"column":8},"end":{"line":207,"column":74}},"104":{"start":{"line":210,"column":6},"end":{"line":210,"column":24}},"105":{"start":{"line":214,"column":28},"end":{"line":225,"column":3}},"106":{"start":{"line":215,"column":4},"end":{"line":215,"column":24}},"107":{"start":{"line":215,"column":17},"end":{"line":215,"column":24}},"108":{"start":{"line":217,"column":4},"end":{"line":224,"column":5}},"109":{"start":{"line":218,"column":23},"end":{"line":220,"column":8}},"110":{"start":{"line":221,"column":6},"end":{"line":221,"column":37}},"111":{"start":{"line":223,"column":6},"end":{"line":223,"column":59}},"112":{"start":{"line":227,"column":2},"end":{"line":233,"column":5}},"113":{"start":{"line":228,"column":4},"end":{"line":232,"column":6}},"114":{"start":{"line":229,"column":6},"end":{"line":231,"column":7}},"115":{"start":{"line":230,"column":8},"end":{"line":230,"column":42}},"116":{"start":{"line":235,"column":23},"end":{"line":250,"column":3}},"117":{"start":{"line":236,"column":4},"end":{"line":249,"column":5}},"118":{"start":{"line":237,"column":23},"end":{"line":239,"column":8}},"119":{"start":{"line":241,"column":6},"end":{"line":245,"column":7}},"120":{"start":{"line":242,"column":8},"end":{"line":242,"column":75}},"121":{"start":{"line":242,"column":34},"end":{"line":242,"column":73}},"122":{"start":{"line":242,"column":54},"end":{"line":242,"column":72}},"123":{"start":{"line":243,"column":8},"end":{"line":243,"column":95}},"124":{"start":{"line":244,"column":8},"end":{"line":244,"column":27}},"125":{"start":{"line":247,"column":6},"end":{"line":247,"column":51}},"126":{"start":{"line":248,"column":6},"end":{"line":248,"column":106}},"127":{"start":{"line":252,"column":24},"end":{"line":259,"column":3}},"128":{"start":{"line":253,"column":28},"end":{"line":253,"column":36}},"129":{"start":{"line":254,"column":4},"end":{"line":254,"column":47}},"130":{"start":{"line":255,"column":4},"end":{"line":258,"column":7}},"131":{"start":{"line":261,"column":27},"end":{"line":302,"column":3}},"132":{"start":{"line":262,"column":4},"end":{"line":262,"column":23}},"133":{"start":{"line":264,"column":4},"end":{"line":264,"column":54}},"134":{"start":{"line":265,"column":4},"end":{"line":265,"column":49}},"135":{"start":{"line":268,"column":26},"end":{"line":268,"column":81}},"136":{"start":{"line":270,"column":4},"end":{"line":273,"column":5}},"137":{"start":{"line":271,"column":6},"end":{"line":271,"column":39}},"138":{"start":{"line":272,"column":6},"end":{"line":272,"column":13}},"139":{"start":{"line":275,"column":4},"end":{"line":301,"column":5}},"140":{"start":{"line":276,"column":23},"end":{"line":283,"column":8}},"141":{"start":{"line":285,"column":6},"end":{"line":287,"column":7}},"142":{"start":{"line":286,"column":8},"end":{"line":286,"column":55}},"143":{"start":{"line":289,"column":19},"end":{"line":289,"column":40}},"144":{"start":{"line":291,"column":6},"end":{"line":297,"column":7}},"145":{"start":{"line":292,"column":8},"end":{"line":292,"column":48}},"146":{"start":{"line":293,"column":8},"end":{"line":293,"column":27}},"147":{"start":{"line":294,"column":8},"end":{"line":294,"column":28}},"148":{"start":{"line":296,"column":8},"end":{"line":296,"column":48}},"149":{"start":{"line":299,"column":6},"end":{"line":299,"column":37}},"150":{"start":{"line":300,"column":6},"end":{"line":300,"column":52}},"151":{"start":{"line":304,"column":31},"end":{"line":334,"column":3}},"152":{"start":{"line":305,"column":4},"end":{"line":305,"column":23}},"153":{"start":{"line":307,"column":26},"end":{"line":307,"column":81}},"154":{"start":{"line":308,"column":4},"end":{"line":311,"column":5}},"155":{"start":{"line":309,"column":6},"end":{"line":309,"column":76}},"156":{"start":{"line":310,"column":6},"end":{"line":310,"column":13}},"157":{"start":{"line":313,"column":4},"end":{"line":333,"column":5}},"158":{"start":{"line":314,"column":23},"end":{"line":321,"column":8}},"159":{"start":{"line":323,"column":19},"end":{"line":323,"column":40}},"160":{"start":{"line":324,"column":6},"end":{"line":329,"column":7}},"161":{"start":{"line":325,"column":8},"end":{"line":325,"column":48}},"162":{"start":{"line":326,"column":8},"end":{"line":326,"column":28}},"163":{"start":{"line":328,"column":8},"end":{"line":328,"column":31}},"164":{"start":{"line":331,"column":6},"end":{"line":331,"column":37}},"165":{"start":{"line":332,"column":6},"end":{"line":332,"column":52}},"166":{"start":{"line":336,"column":23},"end":{"line":361,"column":3}},"167":{"start":{"line":337,"column":4},"end":{"line":360,"column":5}},"168":{"start":{"line":338,"column":23},"end":{"line":344,"column":7}},"169":{"start":{"line":345,"column":6},"end":{"line":352,"column":7}},"170":{"start":{"line":346,"column":8},"end":{"line":350,"column":11}},"171":{"start":{"line":351,"column":8},"end":{"line":351,"column":22}},"172":{"start":{"line":354,"column":6},"end":{"line":354,"column":45}},"173":{"start":{"line":355,"column":6},"end":{"line":359,"column":9}},"174":{"start":{"line":363,"column":2},"end":{"line":369,"column":3}},"175":{"start":{"line":364,"column":4},"end":{"line":368,"column":6}},"176":{"start":{"line":371,"column":2},"end":{"line":675,"column":4}},"177":{"start":{"line":378,"column":27},"end":{"line":378,"column":49}},"178":{"start":{"line":384,"column":27},"end":{"line":384,"column":52}},"179":{"start":{"line":412,"column":31},"end":{"line":412,"column":54}},"180":{"start":{"line":420,"column":31},"end":{"line":420,"column":54}},"181":{"start":{"line":439,"column":27},"end":{"line":439,"column":55}},"182":{"start":{"line":453,"column":18},"end":{"line":469,"column":24}},"183":{"start":{"line":466,"column":43},"end":{"line":466,"column":64}}},"fnMap":{"0":{"name":"(anonymous_0)","decl":{"start":{"line":9,"column":22},"end":{"line":9,"column":23}},"loc":{"start":{"line":9,"column":28},"end":{"line":676,"column":1}},"line":9},"1":{"name":"(anonymous_1)","decl":{"start":{"line":46,"column":12},"end":{"line":46,"column":13}},"loc":{"start":{"line":46,"column":18},"end":{"line":48,"column":3}},"line":46},"2":{"name":"(anonymous_2)","decl":{"start":{"line":51,"column":30},"end":{"line":51,"column":31}},"loc":{"start":{"line":51,"column":42},"end":{"line":69,"column":3}},"line":51},"3":{"name":"(anonymous_3)","decl":{"start":{"line":71,"column":24},"end":{"line":71,"column":25}},"loc":{"start":{"line":71,"column":31},"end":{"line":77,"column":3}},"line":71},"4":{"name":"(anonymous_4)","decl":{"start":{"line":79,"column":30},"end":{"line":79,"column":31}},"loc":{"start":{"line":79,"column":36},"end":{"line":81,"column":3}},"line":79},"5":{"name":"(anonymous_5)","decl":{"start":{"line":83,"column":27},"end":{"line":83,"column":28}},"loc":{"start":{"line":83,"column":33},"end":{"line":85,"column":3}},"line":83},"6":{"name":"(anonymous_6)","decl":{"start":{"line":87,"column":28},"end":{"line":87,"column":29}},"loc":{"start":{"line":87,"column":34},"end":{"line":93,"column":3}},"line":87},"7":{"name":"(anonymous_7)","decl":{"start":{"line":95,"column":25},"end":{"line":95,"column":26}},"loc":{"start":{"line":95,"column":34},"end":{"line":97,"column":3}},"line":95},"8":{"name":"(anonymous_8)","decl":{"start":{"line":99,"column":28},"end":{"line":99,"column":29}},"loc":{"start":{"line":99,"column":39},"end":{"line":107,"column":3}},"line":99},"9":{"name":"(anonymous_9)","decl":{"start":{"line":109,"column":28},"end":{"line":109,"column":29}},"loc":{"start":{"line":109,"column":34},"end":{"line":114,"column":3}},"line":109},"10":{"name":"(anonymous_10)","decl":{"start":{"line":116,"column":28},"end":{"line":116,"column":29}},"loc":{"start":{"line":116,"column":35},"end":{"line":119,"column":3}},"line":116},"11":{"name":"(anonymous_11)","decl":{"start":{"line":118,"column":16},"end":{"line":118,"column":17}},"loc":{"start":{"line":118,"column":30},"end":{"line":118,"column":59}},"line":118},"12":{"name":"(anonymous_12)","decl":{"start":{"line":121,"column":23},"end":{"line":121,"column":24}},"loc":{"start":{"line":121,"column":35},"end":{"line":177,"column":1}},"line":121},"13":{"name":"(anonymous_13)","decl":{"start":{"line":139,"column":46},"end":{"line":139,"column":47}},"loc":{"start":{"line":139,"column":67},"end":{"line":144,"column":9}},"line":139},"14":{"name":"(anonymous_14)","decl":{"start":{"line":141,"column":28},"end":{"line":141,"column":29}},"loc":{"start":{"line":141,"column":34},"end":{"line":141,"column":56}},"line":141},"15":{"name":"(anonymous_15)","decl":{"start":{"line":142,"column":29},"end":{"line":142,"column":30}},"loc":{"start":{"line":142,"column":40},"end":{"line":142,"column":53}},"line":142},"16":{"name":"(anonymous_16)","decl":{"start":{"line":162,"column":30},"end":{"line":162,"column":31}},"loc":{"start":{"line":162,"column":38},"end":{"line":162,"column":73}},"line":162},"17":{"name":"(anonymous_17)","decl":{"start":{"line":180,"column":27},"end":{"line":180,"column":28}},"loc":{"start":{"line":180,"column":39},"end":{"line":212,"column":3}},"line":180},"18":{"name":"(anonymous_18)","decl":{"start":{"line":190,"column":36},"end":{"line":190,"column":37}},"loc":{"start":{"line":190,"column":44},"end":{"line":192,"column":9}},"line":190},"19":{"name":"(anonymous_19)","decl":{"start":{"line":214,"column":28},"end":{"line":214,"column":29}},"loc":{"start":{"line":214,"column":46},"end":{"line":225,"column":3}},"line":214},"20":{"name":"(anonymous_20)","decl":{"start":{"line":227,"column":12},"end":{"line":227,"column":13}},"loc":{"start":{"line":227,"column":18},"end":{"line":233,"column":3}},"line":227},"21":{"name":"(anonymous_21)","decl":{"start":{"line":228,"column":11},"end":{"line":228,"column":12}},"loc":{"start":{"line":228,"column":17},"end":{"line":232,"column":5}},"line":228},"22":{"name":"(anonymous_22)","decl":{"start":{"line":235,"column":23},"end":{"line":235,"column":24}},"loc":{"start":{"line":235,"column":41},"end":{"line":250,"column":3}},"line":235},"23":{"name":"(anonymous_23)","decl":{"start":{"line":242,"column":26},"end":{"line":242,"column":27}},"loc":{"start":{"line":242,"column":34},"end":{"line":242,"column":73}},"line":242},"24":{"name":"(anonymous_24)","decl":{"start":{"line":242,"column":46},"end":{"line":242,"column":47}},"loc":{"start":{"line":242,"column":54},"end":{"line":242,"column":72}},"line":242},"25":{"name":"(anonymous_25)","decl":{"start":{"line":252,"column":24},"end":{"line":252,"column":25}},"loc":{"start":{"line":252,"column":31},"end":{"line":259,"column":3}},"line":252},"26":{"name":"(anonymous_26)","decl":{"start":{"line":261,"column":27},"end":{"line":261,"column":28}},"loc":{"start":{"line":261,"column":40},"end":{"line":302,"column":3}},"line":261},"27":{"name":"(anonymous_27)","decl":{"start":{"line":304,"column":31},"end":{"line":304,"column":32}},"loc":{"start":{"line":304,"column":44},"end":{"line":334,"column":3}},"line":304},"28":{"name":"(anonymous_28)","decl":{"start":{"line":336,"column":23},"end":{"line":336,"column":24}},"loc":{"start":{"line":336,"column":35},"end":{"line":361,"column":3}},"line":336},"29":{"name":"(anonymous_29)","decl":{"start":{"line":378,"column":21},"end":{"line":378,"column":22}},"loc":{"start":{"line":378,"column":27},"end":{"line":378,"column":49}},"line":378},"30":{"name":"(anonymous_30)","decl":{"start":{"line":384,"column":21},"end":{"line":384,"column":22}},"loc":{"start":{"line":384,"column":27},"end":{"line":384,"column":52}},"line":384},"31":{"name":"(anonymous_31)","decl":{"start":{"line":412,"column":25},"end":{"line":412,"column":26}},"loc":{"start":{"line":412,"column":31},"end":{"line":412,"column":54}},"line":412},"32":{"name":"(anonymous_32)","decl":{"start":{"line":420,"column":25},"end":{"line":420,"column":26}},"loc":{"start":{"line":420,"column":31},"end":{"line":420,"column":54}},"line":420},"33":{"name":"(anonymous_33)","decl":{"start":{"line":439,"column":21},"end":{"line":439,"column":22}},"loc":{"start":{"line":439,"column":27},"end":{"line":439,"column":55}},"line":439},"34":{"name":"(anonymous_34)","decl":{"start":{"line":452,"column":35},"end":{"line":452,"column":36}},"loc":{"start":{"line":453,"column":18},"end":{"line":469,"column":24}},"line":453},"35":{"name":"(anonymous_35)","decl":{"start":{"line":466,"column":37},"end":{"line":466,"column":38}},"loc":{"start":{"line":466,"column":43},"end":{"line":466,"column":64}},"line":466}},"branchMap":{"0":{"loc":{"start":{"line":57,"column":6},"end":{"line":63,"column":7}},"type":"if","locations":[{"start":{"line":57,"column":6},"end":{"line":63,"column":7}},{"start":{"line":60,"column":13},"end":{"line":63,"column":7}}],"line":57},"1":{"loc":{"start":{"line":100,"column":4},"end":{"line":106,"column":3}},"type":"if","locations":[{"start":{"line":100,"column":4},"end":{"line":106,"column":3}},{"start":{},"end":{}}],"line":100},"2":{"loc":{"start":{"line":100,"column":8},"end":{"line":100,"column":51}},"type":"binary-expr","locations":[{"start":{"line":100,"column":8},"end":{"line":100,"column":26}},{"start":{"line":100,"column":30},"end":{"line":100,"column":51}}],"line":100},"3":{"loc":{"start":{"line":110,"column":4},"end":{"line":112,"column":5}},"type":"if","locations":[{"start":{"line":110,"column":4},"end":{"line":112,"column":5}},{"start":{},"end":{}}],"line":110},"4":{"loc":{"start":{"line":124,"column":4},"end":{"line":127,"column":5}},"type":"if","locations":[{"start":{"line":124,"column":4},"end":{"line":127,"column":5}},{"start":{},"end":{}}],"line":124},"5":{"loc":{"start":{"line":124,"column":8},"end":{"line":124,"column":69}},"type":"binary-expr","locations":[{"start":{"line":124,"column":8},"end":{"line":124,"column":17}},{"start":{"line":124,"column":21},"end":{"line":124,"column":29}},{"start":{"line":124,"column":33},"end":{"line":124,"column":41}},{"start":{"line":124,"column":45},"end":{"line":124,"column":51}},{"start":{"line":124,"column":55},"end":{"line":124,"column":69}}],"line":124},"6":{"loc":{"start":{"line":132,"column":4},"end":{"line":135,"column":5}},"type":"if","locations":[{"start":{"line":132,"column":4},"end":{"line":135,"column":5}},{"start":{},"end":{}}],"line":132},"7":{"loc":{"start":{"line":159,"column":8},"end":{"line":164,"column":9}},"type":"if","locations":[{"start":{"line":159,"column":8},"end":{"line":164,"column":9}},{"start":{},"end":{}}],"line":159},"8":{"loc":{"start":{"line":167,"column":8},"end":{"line":170,"column":9}},"type":"if","locations":[{"start":{"line":167,"column":8},"end":{"line":170,"column":9}},{"start":{},"end":{}}],"line":167},"9":{"loc":{"start":{"line":173,"column":21},"end":{"line":173,"column":77}},"type":"binary-expr","locations":[{"start":{"line":173,"column":21},"end":{"line":173,"column":50}},{"start":{"line":173,"column":54},"end":{"line":173,"column":77}}],"line":173},"10":{"loc":{"start":{"line":189,"column":6},"end":{"line":193,"column":7}},"type":"if","locations":[{"start":{"line":189,"column":6},"end":{"line":193,"column":7}},{"start":{},"end":{}}],"line":189},"11":{"loc":{"start":{"line":196,"column":6},"end":{"line":198,"column":7}},"type":"if","locations":[{"start":{"line":196,"column":6},"end":{"line":198,"column":7}},{"start":{},"end":{}}],"line":196},"12":{"loc":{"start":{"line":196,"column":10},"end":{"line":196,"column":53}},"type":"binary-expr","locations":[{"start":{"line":196,"column":10},"end":{"line":196,"column":28}},{"start":{"line":196,"column":32},"end":{"line":196,"column":53}}],"line":196},"13":{"loc":{"start":{"line":206,"column":6},"end":{"line":208,"column":7}},"type":"if","locations":[{"start":{"line":206,"column":6},"end":{"line":208,"column":7}},{"start":{},"end":{}}],"line":206},"14":{"loc":{"start":{"line":206,"column":10},"end":{"line":206,"column":57}},"type":"binary-expr","locations":[{"start":{"line":206,"column":10},"end":{"line":206,"column":24}},{"start":{"line":206,"column":28},"end":{"line":206,"column":57}}],"line":206},"15":{"loc":{"start":{"line":215,"column":4},"end":{"line":215,"column":24}},"type":"if","locations":[{"start":{"line":215,"column":4},"end":{"line":215,"column":24}},{"start":{},"end":{}}],"line":215},"16":{"loc":{"start":{"line":229,"column":6},"end":{"line":231,"column":7}},"type":"if","locations":[{"start":{"line":229,"column":6},"end":{"line":231,"column":7}},{"start":{},"end":{}}],"line":229},"17":{"loc":{"start":{"line":241,"column":6},"end":{"line":245,"column":7}},"type":"if","locations":[{"start":{"line":241,"column":6},"end":{"line":245,"column":7}},{"start":{},"end":{}}],"line":241},"18":{"loc":{"start":{"line":270,"column":4},"end":{"line":273,"column":5}},"type":"if","locations":[{"start":{"line":270,"column":4},"end":{"line":273,"column":5}},{"start":{},"end":{}}],"line":270},"19":{"loc":{"start":{"line":285,"column":6},"end":{"line":287,"column":7}},"type":"if","locations":[{"start":{"line":285,"column":6},"end":{"line":287,"column":7}},{"start":{},"end":{}}],"line":285},"20":{"loc":{"start":{"line":291,"column":6},"end":{"line":297,"column":7}},"type":"if","locations":[{"start":{"line":291,"column":6},"end":{"line":297,"column":7}},{"start":{"line":295,"column":13},"end":{"line":297,"column":7}}],"line":291},"21":{"loc":{"start":{"line":308,"column":4},"end":{"line":311,"column":5}},"type":"if","locations":[{"start":{"line":308,"column":4},"end":{"line":311,"column":5}},{"start":{},"end":{}}],"line":308},"22":{"loc":{"start":{"line":308,"column":8},"end":{"line":308,"column":77}},"type":"binary-expr","locations":[{"start":{"line":308,"column":8},"end":{"line":308,"column":22}},{"start":{"line":308,"column":26},"end":{"line":308,"column":77}}],"line":308},"23":{"loc":{"start":{"line":324,"column":6},"end":{"line":329,"column":7}},"type":"if","locations":[{"start":{"line":324,"column":6},"end":{"line":329,"column":7}},{"start":{"line":327,"column":13},"end":{"line":329,"column":7}}],"line":324},"24":{"loc":{"start":{"line":345,"column":6},"end":{"line":352,"column":7}},"type":"if","locations":[{"start":{"line":345,"column":6},"end":{"line":352,"column":7}},{"start":{},"end":{}}],"line":345},"25":{"loc":{"start":{"line":363,"column":2},"end":{"line":369,"column":3}},"type":"if","locations":[{"start":{"line":363,"column":2},"end":{"line":369,"column":3}},{"start":{},"end":{}}],"line":363},"26":{"loc":{"start":{"line":379,"column":47},"end":{"line":379,"column":91}},"type":"cond-expr","locations":[{"start":{"line":379,"column":70},"end":{"line":379,"column":86}},{"start":{"line":379,"column":89},"end":{"line":379,"column":91}}],"line":379},"27":{"loc":{"start":{"line":385,"column":47},"end":{"line":385,"column":94}},"type":"cond-expr","locations":[{"start":{"line":385,"column":73},"end":{"line":385,"column":89}},{"start":{"line":385,"column":92},"end":{"line":385,"column":94}}],"line":385},"28":{"loc":{"start":{"line":392,"column":11},"end":{"line":392,"column":127}},"type":"cond-expr","locations":[{"start":{"line":392,"column":18},"end":{"line":392,"column":76}},{"start":{"line":392,"column":79},"end":{"line":392,"column":127}}],"line":392},"29":{"loc":{"start":{"line":405,"column":9},"end":{"line":476,"column":9}},"type":"cond-expr","locations":[{"start":{"line":406,"column":10},"end":{"line":425,"column":16}},{"start":{"line":426,"column":12},"end":{"line":476,"column":9}}],"line":405},"30":{"loc":{"start":{"line":426,"column":12},"end":{"line":476,"column":9}},"type":"cond-expr","locations":[{"start":{"line":427,"column":10},"end":{"line":446,"column":16}},{"start":{"line":447,"column":12},"end":{"line":476,"column":9}}],"line":426},"31":{"loc":{"start":{"line":441,"column":47},"end":{"line":441,"column":97}},"type":"cond-expr","locations":[{"start":{"line":441,"column":76},"end":{"line":441,"column":92}},{"start":{"line":441,"column":95},"end":{"line":441,"column":97}}],"line":441},"32":{"loc":{"start":{"line":447,"column":12},"end":{"line":476,"column":9}},"type":"binary-expr","locations":[{"start":{"line":447,"column":12},"end":{"line":447,"column":38}},{"start":{"line":448,"column":10},"end":{"line":475,"column":16}}],"line":447},"33":{"loc":{"start":{"line":451,"column":15},"end":{"line":473,"column":15}},"type":"cond-expr","locations":[{"start":{"line":452,"column":16},"end":{"line":470,"column":18}},{"start":{"line":472,"column":16},"end":{"line":472,"column":71}}],"line":451},"34":{"loc":{"start":{"line":458,"column":81},"end":{"line":458,"column":163}},"type":"cond-expr","locations":[{"start":{"line":458,"column":133},"end":{"line":458,"column":146}},{"start":{"line":458,"column":149},"end":{"line":458,"column":163}}],"line":458},"35":{"loc":{"start":{"line":459,"column":3},"end":{"line":459,"column":70}},"type":"cond-expr","locations":[{"start":{"line":459,"column":55},"end":{"line":459,"column":61}},{"start":{"line":459,"column":64},"end":{"line":459,"column":70}}],"line":459},"36":{"loc":{"start":{"line":491,"column":11},"end":{"line":505,"column":11}},"type":"binary-expr","locations":[{"start":{"line":491,"column":11},"end":{"line":491,"column":24}},{"start":{"line":492,"column":12},"end":{"line":504,"column":18}}],"line":491},"37":{"loc":{"start":{"line":569,"column":11},"end":{"line":574,"column":15}},"type":"binary-expr","locations":[{"start":{"line":569,"column":11},"end":{"line":569,"column":23}},{"start":{"line":570,"column":16},"end":{"line":573,"column":22}}],"line":569},"38":{"loc":{"start":{"line":673,"column":7},"end":{"line":673,"column":49}},"type":"binary-expr","locations":[{"start":{"line":673,"column":7},"end":{"line":673,"column":11}},{"start":{"line":673,"column":15},"end":{"line":673,"column":49}}],"line":673}},"s":{"0":1,"1":134,"2":134,"3":134,"4":134,"5":134,"6":134,"7":134,"8":134,"9":134,"10":134,"11":134,"12":134,"13":134,"14":134,"15":134,"16":134,"17":134,"18":134,"19":134,"20":134,"21":134,"22":134,"23":2,"24":2,"25":0,"26":132,"27":132,"28":134,"29":0,"30":0,"31":134,"32":0,"33":134,"34":0,"35":134,"36":0,"37":0,"38":0,"39":0,"40":0,"41":134,"42":0,"43":134,"44":0,"45":0,"46":0,"47":0,"48":134,"49":0,"50":0,"51":0,"52":134,"53":0,"54":0,"55":0,"56":134,"57":0,"58":0,"59":0,"60":0,"61":0,"62":0,"63":0,"64":0,"65":0,"66":0,"67":0,"68":0,"69":0,"70":0,"71":0,"72":0,"73":0,"74":0,"75":0,"76":0,"77":0,"78":0,"79":0,"80":0,"81":0,"82":0,"83":0,"84":0,"85":0,"86":134,"87":2,"88":2,"89":2,"90":0,"91":0,"92":0,"93":0,"94":0,"95":0,"96":0,"97":0,"98":2,"99":2,"100":2,"101":2,"102":2,"103":0,"104":2,"105":134,"106":0,"107":0,"108":0,"109":0,"110":0,"111":0,"112":134,"113":134,"114":134,"115":0,"116":134,"117":0,"118":0,"119":0,"120":0,"121":0,"122":0,"123":0,"124":0,"125":0,"126":0,"127":134,"128":0,"129":0,"130":0,"131":134,"132":0,"133":0,"134":0,"135":0,"136":0,"137":0,"138":0,"139":0,"140":0,"141":0,"142":0,"143":0,"144":0,"145":0,"146":0,"147":0,"148":0,"149":0,"150":0,"151":134,"152":0,"153":0,"154":0,"155":0,"156":0,"157":0,"158":0,"159":0,"160":0,"161":0,"162":0,"163":0,"164":0,"165":0,"166":134,"167":0,"168":0,"169":0,"170":0,"171":0,"172":0,"173":0,"174":134,"175":2,"176":132,"177":0,"178":0,"179":0,"180":0,"181":0,"182":0,"183":0},"f":{"0":134,"1":134,"2":134,"3":0,"4":0,"5":0,"6":0,"7":0,"8":0,"9":0,"10":0,"11":0,"12":0,"13":0,"14":0,"15":0,"16":0,"17":2,"18":0,"19":0,"20":134,"21":134,"22":0,"23":0,"24":0,"25":0,"26":0,"27":0,"28":0,"29":0,"30":0,"31":0,"32":0,"33":0,"34":0,"35":0},"b":{"0":[2,0],"1":[0,0],"2":[0,0],"3":[0,0],"4":[0,0],"5":[0,0,0,0,0],"6":[0,0],"7":[0,0],"8":[0,0],"9":[0,0],"10":[0,0],"11":[0,0],"12":[0,0],"13":[0,2],"14":[2,0],"15":[0,0],"16":[0,134],"17":[0,0],"18":[0,0],"19":[0,0],"20":[0,0],"21":[0,0],"22":[0,0],"23":[0,0],"24":[0,0],"25":[2,132],"26":[0,132],"27":[132,0],"28":[0,132],"29":[0,132],"30":[132,0],"31":[0,132],"32":[0,0],"33":[0,0],"34":[0,0],"35":[0,0],"36":[132,0],"37":[132,0],"38":[132,0]},"_coverageSchema":"1a1c01bbd47fc00a2c39e90264f33305004495a9","hash":"6cdf2a86b45e36025b56182356ab0feefd6292d4"}
,"C:\\Documents\\Group 27 - Shelfx\\Shelfx Final\\ShelfX\\src\\redux\\slices\\userSlice.js": {"path":"C:\\Documents\\Group 27 - Shelfx\\Shelfx Final\\ShelfX\\src\\redux\\slices\\userSlice.js","statementMap":{"0":{"start":{"line":3,"column":21},"end":{"line":5,"column":3}},"1":{"start":{"line":7,"column":20},"end":{"line":15,"column":4}},"2":{"start":{"line":12,"column":8},"end":{"line":12,"column":35}},"3":{"start":{"line":19,"column":6},"end":{"line":19,"column":23}}},"fnMap":{"0":{"name":"(anonymous_0)","decl":{"start":{"line":11,"column":23},"end":{"line":11,"column":24}},"loc":{"start":{"line":11,"column":42},"end":{"line":13,"column":7}},"line":11}},"branchMap":{},"s":{"0":1,"1":1,"2":0,"3":1},"f":{"0":0},"b":{},"_coverageSchema":"1a1c01bbd47fc00a2c39e90264f33305004495a9","hash":"ba485aaa5d62eeb685ee345f948bae9e64bd804d"}
}
