TN:
SF:src\components\RequestList.jsx
FN:7,(anonymous_0)
FN:9,(anonymous_1)
FN:13,(anonymous_2)
FN:14,(anonymous_3)
FN:44,(anonymous_4)
FN:48,(anonymous_5)
FN:49,(anonymous_6)
FN:58,(anonymous_7)
FN:61,(anonymous_8)
FN:62,(anonymous_9)
FN:84,(anonymous_10)
FN:100,(anonymous_11)
FN:106,(anonymous_12)
FNF:13
FNH:0
FNDA:0,(anonymous_0)
FNDA:0,(anonymous_1)
FNDA:0,(anonymous_2)
FNDA:0,(anonymous_3)
FNDA:0,(anonymous_4)
FNDA:0,(anonymous_5)
FNDA:0,(anonymous_6)
FNDA:0,(anonymous_7)
FNDA:0,(anonymous_8)
FNDA:0,(anonymous_9)
FNDA:0,(anonymous_10)
FNDA:0,(anonymous_11)
FNDA:0,(anonymous_12)
DA:7,1
DA:8,0
DA:9,0
DA:10,0
DA:11,0
DA:13,0
DA:14,0
DA:15,0
DA:16,0
DA:19,0
DA:20,0
DA:23,0
DA:24,0
DA:33,0
DA:35,0
DA:39,0
DA:40,0
DA:44,0
DA:45,0
DA:46,0
DA:47,0
DA:48,0
DA:49,0
DA:50,0
DA:52,0
DA:54,0
DA:58,0
DA:59,0
DA:60,0
DA:61,0
DA:62,0
DA:63,0
DA:67,0
DA:71,0
DA:72,0
DA:79,0
DA:85,0
DA:100,0
DA:106,0
LF:39
LH:1
BRDA:23,0,0,0
BRDA:23,0,1,0
BRDA:23,1,0,0
BRDA:23,1,1,0
BRDA:39,2,0,0
BRDA:39,2,1,0
BRDA:50,3,0,0
BRDA:50,3,1,0
BRDA:50,4,0,0
BRDA:50,4,1,0
BRDA:63,5,0,0
BRDA:63,5,1,0
BRDA:63,6,0,0
BRDA:63,6,1,0
BRDA:71,7,0,0
BRDA:71,7,1,0
BRDA:83,8,0,0
BRDA:83,8,1,0
BRDA:96,9,0,0
BRDA:96,9,1,0
BRDA:96,10,0,0
BRDA:96,10,1,0
BRF:22
BRH:0
end_of_record
TN:
SF:src\pages\SellerDashBoard.jsx
FN:9,(anonymous_0)
FN:46,(anonymous_1)
FN:51,(anonymous_2)
FN:71,(anonymous_3)
FN:79,(anonymous_4)
FN:83,(anonymous_5)
FN:87,(anonymous_6)
FN:95,(anonymous_7)
FN:99,(anonymous_8)
FN:109,(anonymous_9)
FN:116,(anonymous_10)
FN:118,(anonymous_11)
FN:121,(anonymous_12)
FN:139,(anonymous_13)
FN:141,(anonymous_14)
FN:142,(anonymous_15)
FN:162,(anonymous_16)
FN:180,(anonymous_17)
FN:190,(anonymous_18)
FN:214,(anonymous_19)
FN:227,(anonymous_20)
FN:228,(anonymous_21)
FN:235,(anonymous_22)
FN:242,(anonymous_23)
FN:242,(anonymous_24)
FN:252,(anonymous_25)
FN:261,(anonymous_26)
FN:304,(anonymous_27)
FN:336,(anonymous_28)
FN:378,(anonymous_29)
FN:384,(anonymous_30)
FN:412,(anonymous_31)
FN:420,(anonymous_32)
FN:439,(anonymous_33)
FN:452,(anonymous_34)
FN:466,(anonymous_35)
FNF:36
FNH:6
FNDA:134,(anonymous_0)
FNDA:134,(anonymous_1)
FNDA:134,(anonymous_2)
FNDA:0,(anonymous_3)
FNDA:0,(anonymous_4)
FNDA:0,(anonymous_5)
FNDA:0,(anonymous_6)
FNDA:0,(anonymous_7)
FNDA:0,(anonymous_8)
FNDA:0,(anonymous_9)
FNDA:0,(anonymous_10)
FNDA:0,(anonymous_11)
FNDA:0,(anonymous_12)
FNDA:0,(anonymous_13)
FNDA:0,(anonymous_14)
FNDA:0,(anonymous_15)
FNDA:0,(anonymous_16)
FNDA:2,(anonymous_17)
FNDA:0,(anonymous_18)
FNDA:0,(anonymous_19)
FNDA:134,(anonymous_20)
FNDA:134,(anonymous_21)
FNDA:0,(anonymous_22)
FNDA:0,(anonymous_23)
FNDA:0,(anonymous_24)
FNDA:0,(anonymous_25)
FNDA:0,(anonymous_26)
FNDA:0,(anonymous_27)
FNDA:0,(anonymous_28)
FNDA:0,(anonymous_29)
FNDA:0,(anonymous_30)
FNDA:0,(anonymous_31)
FNDA:0,(anonymous_32)
FNDA:0,(anonymous_33)
FNDA:0,(anonymous_34)
FNDA:0,(anonymous_35)
DA:9,1
DA:10,134
DA:11,134
DA:12,134
DA:13,134
DA:14,134
DA:15,134
DA:16,134
DA:17,134
DA:18,134
DA:19,134
DA:20,134
DA:21,134
DA:28,134
DA:33,134
DA:37,134
DA:43,134
DA:46,134
DA:47,134
DA:51,134
DA:52,134
DA:53,134
DA:57,134
DA:58,2
DA:59,2
DA:62,0
DA:65,132
DA:67,132
DA:71,134
DA:72,0
DA:73,0
DA:79,134
DA:80,0
DA:83,134
DA:84,0
DA:87,134
DA:88,0
DA:89,0
DA:90,0
DA:91,0
DA:92,0
DA:95,134
DA:96,0
DA:99,134
DA:100,0
DA:101,0
DA:104,0
DA:105,0
DA:109,134
DA:110,0
DA:111,0
DA:113,0
DA:116,134
DA:117,0
DA:118,0
DA:121,134
DA:122,0
DA:124,0
DA:125,0
DA:126,0
DA:129,0
DA:132,0
DA:133,0
DA:134,0
DA:137,0
DA:139,0
DA:140,0
DA:141,0
DA:142,0
DA:143,0
DA:146,0
DA:148,0
DA:159,0
DA:160,0
DA:161,0
DA:162,0
DA:163,0
DA:166,0
DA:167,0
DA:168,0
DA:169,0
DA:171,0
DA:180,134
DA:181,2
DA:182,2
DA:185,2
DA:186,0
DA:187,0
DA:188,0
DA:189,0
DA:190,0
DA:191,0
DA:196,0
DA:197,0
DA:200,2
DA:201,2
DA:202,2
DA:203,2
DA:206,2
DA:207,0
DA:210,2
DA:214,134
DA:215,0
DA:217,0
DA:218,0
DA:221,0
DA:223,0
DA:227,134
DA:228,134
DA:229,134
DA:230,0
DA:235,134
DA:236,0
DA:237,0
DA:241,0
DA:242,0
DA:243,0
DA:244,0
DA:247,0
DA:248,0
DA:252,134
DA:253,0
DA:254,0
DA:255,0
DA:261,134
DA:262,0
DA:264,0
DA:265,0
DA:268,0
DA:270,0
DA:271,0
DA:272,0
DA:275,0
DA:276,0
DA:285,0
DA:286,0
DA:289,0
DA:291,0
DA:292,0
DA:293,0
DA:294,0
DA:296,0
DA:299,0
DA:300,0
DA:304,134
DA:305,0
DA:307,0
DA:308,0
DA:309,0
DA:310,0
DA:313,0
DA:314,0
DA:323,0
DA:324,0
DA:325,0
DA:326,0
DA:328,0
DA:331,0
DA:332,0
DA:336,134
DA:337,0
DA:338,0
DA:345,0
DA:346,0
DA:351,0
DA:354,0
DA:355,0
DA:363,134
DA:364,2
DA:371,132
DA:378,0
DA:384,0
DA:412,0
DA:420,0
DA:439,0
DA:453,0
DA:466,0
LF:177
LH:58
BRDA:57,0,0,2
BRDA:57,0,1,0
BRDA:100,1,0,0
BRDA:100,1,1,0
BRDA:100,2,0,0
BRDA:100,2,1,0
BRDA:110,3,0,0
BRDA:110,3,1,0
BRDA:124,4,0,0
BRDA:124,4,1,0
BRDA:124,5,0,0
BRDA:124,5,1,0
BRDA:124,5,2,0
BRDA:124,5,3,0
BRDA:124,5,4,0
BRDA:132,6,0,0
BRDA:132,6,1,0
BRDA:159,7,0,0
BRDA:159,7,1,0
BRDA:167,8,0,0
BRDA:167,8,1,0
BRDA:173,9,0,0
BRDA:173,9,1,0
BRDA:189,10,0,0
BRDA:189,10,1,0
BRDA:196,11,0,0
BRDA:196,11,1,0
BRDA:196,12,0,0
BRDA:196,12,1,0
BRDA:206,13,0,0
BRDA:206,13,1,2
BRDA:206,14,0,2
BRDA:206,14,1,0
BRDA:215,15,0,0
BRDA:215,15,1,0
BRDA:229,16,0,0
BRDA:229,16,1,134
BRDA:241,17,0,0
BRDA:241,17,1,0
BRDA:270,18,0,0
BRDA:270,18,1,0
BRDA:285,19,0,0
BRDA:285,19,1,0
BRDA:291,20,0,0
BRDA:291,20,1,0
BRDA:308,21,0,0
BRDA:308,21,1,0
BRDA:308,22,0,0
BRDA:308,22,1,0
BRDA:324,23,0,0
BRDA:324,23,1,0
BRDA:345,24,0,0
BRDA:345,24,1,0
BRDA:363,25,0,2
BRDA:363,25,1,132
BRDA:379,26,0,0
BRDA:379,26,1,132
BRDA:385,27,0,132
BRDA:385,27,1,0
BRDA:392,28,0,0
BRDA:392,28,1,132
BRDA:405,29,0,0
BRDA:405,29,1,132
BRDA:426,30,0,132
BRDA:426,30,1,0
BRDA:441,31,0,0
BRDA:441,31,1,132
BRDA:447,32,0,0
BRDA:447,32,1,0
BRDA:451,33,0,0
BRDA:451,33,1,0
BRDA:458,34,0,0
BRDA:458,34,1,0
BRDA:459,35,0,0
BRDA:459,35,1,0
BRDA:491,36,0,132
BRDA:491,36,1,0
BRDA:569,37,0,132
BRDA:569,37,1,0
BRDA:673,38,0,132
BRDA:673,38,1,0
BRF:81
BRH:15
end_of_record
TN:
SF:src\redux\slices\userSlice.js
FN:11,(anonymous_0)
FNF:1
FNH:0
FNDA:0,(anonymous_0)
DA:3,1
DA:7,1
DA:12,0
DA:19,1
LF:4
LH:3
BRF:0
BRH:0
end_of_record
